urllib3.connectionpool - DEBUG - Starting new HTTPS connection (1): api.steampowered.com:443
urllib3.connectionpool - DEBUG - https://api.steampowered.com:443 "POST /ITwoFactorService/QueryTime/v1/ HTTP/1.1" 200 265
PIL.PngImagePlugin - DEBUG - STREAM b'IHDR' 16 13
PIL.PngImagePlugin - DEBUG - STREAM b'sRGB' 41 1
PIL.PngImagePlugin - DEBUG - STREAM b'gAMA' 54 4
PIL.PngImagePlugin - DEBUG - STREAM b'pHYs' 70 9
PIL.PngImagePlugin - DEBUG - STREAM b'IDAT' 91 5132
PIL.PngImagePlugin - DEBUG - STREAM b'IHDR' 16 13
PIL.PngImagePlugin - DEBUG - STREAM b'sRGB' 41 1
PIL.PngImagePlugin - DEBUG - STREAM b'gAMA' 54 4
PIL.PngImagePlugin - DEBUG - STREAM b'pHYs' 70 9
PIL.PngImagePlugin - DEBUG - STREAM b'IDAT' 91 5132
PIL.PngImagePlugin - DEBUG - STREAM b'IHDR' 16 13
PIL.PngImagePlugin - DEBUG - STREAM b'sRGB' 41 1
PIL.PngImagePlugin - DEBUG - STREAM b'gAMA' 54 4
PIL.PngImagePlugin - DEBUG - STREAM b'pHYs' 70 9
PIL.PngImagePlugin - DEBUG - STREAM b'IDAT' 91 5132
PIL.PngImagePlugin - DEBUG - STREAM b'IHDR' 16 13
PIL.PngImagePlugin - DEBUG - STREAM b'sRGB' 41 1
PIL.PngImagePlugin - DEBUG - STREAM b'gAMA' 54 4
PIL.PngImagePlugin - DEBUG - STREAM b'pHYs' 70 9
PIL.PngImagePlugin - DEBUG - STREAM b'IDAT' 91 5132
PIL.PngImagePlugin - DEBUG - STREAM b'IHDR' 16 13
PIL.PngImagePlugin - DEBUG - STREAM b'sRGB' 41 1
PIL.PngImagePlugin - DEBUG - STREAM b'gAMA' 54 4
PIL.PngImagePlugin - DEBUG - STREAM b'pHYs' 70 9
PIL.PngImagePlugin - DEBUG - STREAM b'IDAT' 91 5132
PIL.PngImagePlugin - DEBUG - STREAM b'IHDR' 16 13
PIL.PngImagePlugin - DEBUG - STREAM b'sRGB' 41 1
PIL.PngImagePlugin - DEBUG - STREAM b'gAMA' 54 4
PIL.PngImagePlugin - DEBUG - STREAM b'pHYs' 70 9
PIL.PngImagePlugin - DEBUG - STREAM b'IDAT' 91 5132
PIL.PngImagePlugin - DEBUG - STREAM b'IHDR' 16 13
PIL.PngImagePlugin - DEBUG - STREAM b'sRGB' 41 1
PIL.PngImagePlugin - DEBUG - STREAM b'gAMA' 54 4
PIL.PngImagePlugin - DEBUG - STREAM b'pHYs' 70 9
PIL.PngImagePlugin - DEBUG - STREAM b'IDAT' 91 5132
PIL.PngImagePlugin - DEBUG - STREAM b'IHDR' 16 13
PIL.PngImagePlugin - DEBUG - STREAM b'sRGB' 41 1
PIL.PngImagePlugin - DEBUG - STREAM b'gAMA' 54 4
PIL.PngImagePlugin - DEBUG - STREAM b'pHYs' 70 9
PIL.PngImagePlugin - DEBUG - STREAM b'IDAT' 91 5132
PIL.PngImagePlugin - DEBUG - STREAM b'IHDR' 16 13
PIL.PngImagePlugin - DEBUG - STREAM b'sRGB' 41 1
PIL.PngImagePlugin - DEBUG - STREAM b'gAMA' 54 4
PIL.PngImagePlugin - DEBUG - STREAM b'pHYs' 70 9
PIL.PngImagePlugin - DEBUG - STREAM b'IDAT' 91 5132
PIL.PngImagePlugin - DEBUG - STREAM b'IHDR' 16 13
PIL.PngImagePlugin - DEBUG - STREAM b'sRGB' 41 1
PIL.PngImagePlugin - DEBUG - STREAM b'gAMA' 54 4
PIL.PngImagePlugin - DEBUG - STREAM b'pHYs' 70 9
PIL.PngImagePlugin - DEBUG - STREAM b'IDAT' 91 5132
PIL.PngImagePlugin - DEBUG - STREAM b'IHDR' 16 13
PIL.PngImagePlugin - DEBUG - STREAM b'sRGB' 41 1
PIL.PngImagePlugin - DEBUG - STREAM b'gAMA' 54 4
PIL.PngImagePlugin - DEBUG - STREAM b'pHYs' 70 9
PIL.PngImagePlugin - DEBUG - STREAM b'IDAT' 91 5132
PIL.PngImagePlugin - DEBUG - STREAM b'IHDR' 16 13
PIL.PngImagePlugin - DEBUG - STREAM b'sRGB' 41 1
PIL.PngImagePlugin - DEBUG - STREAM b'gAMA' 54 4
PIL.PngImagePlugin - DEBUG - STREAM b'pHYs' 70 9
PIL.PngImagePlugin - DEBUG - STREAM b'IDAT' 91 5132
PIL.PngImagePlugin - DEBUG - STREAM b'IHDR' 16 13
PIL.PngImagePlugin - DEBUG - STREAM b'sRGB' 41 1
PIL.PngImagePlugin - DEBUG - STREAM b'gAMA' 54 4
PIL.PngImagePlugin - DEBUG - STREAM b'pHYs' 70 9
PIL.PngImagePlugin - DEBUG - STREAM b'IDAT' 91 5132
PIL.PngImagePlugin - DEBUG - STREAM b'IHDR' 16 13
PIL.PngImagePlugin - DEBUG - STREAM b'sRGB' 41 1
PIL.PngImagePlugin - DEBUG - STREAM b'gAMA' 54 4
PIL.PngImagePlugin - DEBUG - STREAM b'pHYs' 70 9
PIL.PngImagePlugin - DEBUG - STREAM b'IDAT' 91 5132
PIL.PngImagePlugin - DEBUG - STREAM b'IHDR' 16 13
PIL.PngImagePlugin - DEBUG - STREAM b'sRGB' 41 1
PIL.PngImagePlugin - DEBUG - STREAM b'gAMA' 54 4
PIL.PngImagePlugin - DEBUG - STREAM b'pHYs' 70 9
PIL.PngImagePlugin - DEBUG - STREAM b'IDAT' 91 5132
PIL.PngImagePlugin - DEBUG - STREAM b'IHDR' 16 13
PIL.PngImagePlugin - DEBUG - STREAM b'sRGB' 41 1
PIL.PngImagePlugin - DEBUG - STREAM b'gAMA' 54 4
PIL.PngImagePlugin - DEBUG - STREAM b'pHYs' 70 9
PIL.PngImagePlugin - DEBUG - STREAM b'IDAT' 91 5132
PIL.PngImagePlugin - DEBUG - STREAM b'IHDR' 16 13
PIL.PngImagePlugin - DEBUG - STREAM b'sRGB' 41 1
PIL.PngImagePlugin - DEBUG - STREAM b'gAMA' 54 4
PIL.PngImagePlugin - DEBUG - STREAM b'pHYs' 70 9
PIL.PngImagePlugin - DEBUG - STREAM b'IDAT' 91 5132
PIL.PngImagePlugin - DEBUG - STREAM b'IHDR' 16 13
PIL.PngImagePlugin - DEBUG - STREAM b'sRGB' 41 1
PIL.PngImagePlugin - DEBUG - STREAM b'gAMA' 54 4
PIL.PngImagePlugin - DEBUG - STREAM b'pHYs' 70 9
PIL.PngImagePlugin - DEBUG - STREAM b'IDAT' 91 5132
PIL.PngImagePlugin - DEBUG - STREAM b'IHDR' 16 13
PIL.PngImagePlugin - DEBUG - STREAM b'sRGB' 41 1
PIL.PngImagePlugin - DEBUG - STREAM b'gAMA' 54 4
PIL.PngImagePlugin - DEBUG - STREAM b'pHYs' 70 9
PIL.PngImagePlugin - DEBUG - STREAM b'IDAT' 91 5132
PIL.PngImagePlugin - DEBUG - STREAM b'IHDR' 16 13
PIL.PngImagePlugin - DEBUG - STREAM b'sRGB' 41 1
PIL.PngImagePlugin - DEBUG - STREAM b'gAMA' 54 4
PIL.PngImagePlugin - DEBUG - STREAM b'pHYs' 70 9
PIL.PngImagePlugin - DEBUG - STREAM b'IDAT' 91 5132
PIL.PngImagePlugin - DEBUG - STREAM b'IHDR' 16 13
PIL.PngImagePlugin - DEBUG - STREAM b'sRGB' 41 1
PIL.PngImagePlugin - DEBUG - STREAM b'gAMA' 54 4
PIL.PngImagePlugin - DEBUG - STREAM b'pHYs' 70 9
PIL.PngImagePlugin - DEBUG - STREAM b'IDAT' 91 5132
PIL.PngImagePlugin - DEBUG - STREAM b'IHDR' 16 13
PIL.PngImagePlugin - DEBUG - STREAM b'sRGB' 41 1
PIL.PngImagePlugin - DEBUG - STREAM b'gAMA' 54 4
PIL.PngImagePlugin - DEBUG - STREAM b'pHYs' 70 9
PIL.PngImagePlugin - DEBUG - STREAM b'IDAT' 91 5132
PIL.PngImagePlugin - DEBUG - STREAM b'IHDR' 16 13
PIL.PngImagePlugin - DEBUG - STREAM b'sRGB' 41 1
PIL.PngImagePlugin - DEBUG - STREAM b'gAMA' 54 4
PIL.PngImagePlugin - DEBUG - STREAM b'pHYs' 70 9
PIL.PngImagePlugin - DEBUG - STREAM b'IDAT' 91 5132
PIL.PngImagePlugin - DEBUG - STREAM b'IHDR' 16 13
PIL.PngImagePlugin - DEBUG - STREAM b'sRGB' 41 1
PIL.PngImagePlugin - DEBUG - STREAM b'gAMA' 54 4
PIL.PngImagePlugin - DEBUG - STREAM b'pHYs' 70 9
PIL.PngImagePlugin - DEBUG - STREAM b'IDAT' 91 5132
PIL.PngImagePlugin - DEBUG - STREAM b'IHDR' 16 13
PIL.PngImagePlugin - DEBUG - STREAM b'sRGB' 41 1
PIL.PngImagePlugin - DEBUG - STREAM b'gAMA' 54 4
PIL.PngImagePlugin - DEBUG - STREAM b'pHYs' 70 9
PIL.PngImagePlugin - DEBUG - STREAM b'IDAT' 91 5132
PIL.PngImagePlugin - DEBUG - STREAM b'IHDR' 16 13
PIL.PngImagePlugin - DEBUG - STREAM b'sRGB' 41 1
PIL.PngImagePlugin - DEBUG - STREAM b'gAMA' 54 4
PIL.PngImagePlugin - DEBUG - STREAM b'pHYs' 70 9
PIL.PngImagePlugin - DEBUG - STREAM b'IDAT' 91 5132
PIL.PngImagePlugin - DEBUG - STREAM b'IHDR' 16 13
PIL.PngImagePlugin - DEBUG - STREAM b'sRGB' 41 1
PIL.PngImagePlugin - DEBUG - STREAM b'gAMA' 54 4
PIL.PngImagePlugin - DEBUG - STREAM b'pHYs' 70 9
PIL.PngImagePlugin - DEBUG - STREAM b'IDAT' 91 480
PIL.PngImagePlugin - DEBUG - STREAM b'IHDR' 16 13
PIL.PngImagePlugin - DEBUG - STREAM b'sRGB' 41 1
PIL.PngImagePlugin - DEBUG - STREAM b'gAMA' 54 4
PIL.PngImagePlugin - DEBUG - STREAM b'pHYs' 70 9
PIL.PngImagePlugin - DEBUG - STREAM b'IDAT' 91 480
PIL.PngImagePlugin - DEBUG - STREAM b'IHDR' 16 13
PIL.PngImagePlugin - DEBUG - STREAM b'sRGB' 41 1
PIL.PngImagePlugin - DEBUG - STREAM b'gAMA' 54 4
PIL.PngImagePlugin - DEBUG - STREAM b'pHYs' 70 9
PIL.PngImagePlugin - DEBUG - STREAM b'IDAT' 91 480
PIL.PngImagePlugin - DEBUG - STREAM b'IHDR' 16 13
PIL.PngImagePlugin - DEBUG - STREAM b'sRGB' 41 1
PIL.PngImagePlugin - DEBUG - STREAM b'gAMA' 54 4
PIL.PngImagePlugin - DEBUG - STREAM b'pHYs' 70 9
PIL.PngImagePlugin - DEBUG - STREAM b'IDAT' 91 172
PIL.PngImagePlugin - DEBUG - STREAM b'IHDR' 16 13
PIL.PngImagePlugin - DEBUG - STREAM b'sRGB' 41 1
PIL.PngImagePlugin - DEBUG - STREAM b'gAMA' 54 4
PIL.PngImagePlugin - DEBUG - STREAM b'pHYs' 70 9
PIL.PngImagePlugin - DEBUG - STREAM b'IDAT' 91 172
PIL.PngImagePlugin - DEBUG - STREAM b'IHDR' 16 13
PIL.PngImagePlugin - DEBUG - STREAM b'sRGB' 41 1
PIL.PngImagePlugin - DEBUG - STREAM b'gAMA' 54 4
PIL.PngImagePlugin - DEBUG - STREAM b'pHYs' 70 9
PIL.PngImagePlugin - DEBUG - STREAM b'IDAT' 91 172
PIL.PngImagePlugin - DEBUG - STREAM b'IHDR' 16 13
PIL.PngImagePlugin - DEBUG - STREAM b'sRGB' 41 1
PIL.PngImagePlugin - DEBUG - STREAM b'gAMA' 54 4
PIL.PngImagePlugin - DEBUG - STREAM b'pHYs' 70 9
PIL.PngImagePlugin - DEBUG - STREAM b'IDAT' 91 172
PIL.PngImagePlugin - DEBUG - STREAM b'IHDR' 16 13
PIL.PngImagePlugin - DEBUG - STREAM b'sRGB' 41 1
PIL.PngImagePlugin - DEBUG - STREAM b'gAMA' 54 4
PIL.PngImagePlugin - DEBUG - STREAM b'pHYs' 70 9
PIL.PngImagePlugin - DEBUG - STREAM b'IDAT' 91 172
PIL.PngImagePlugin - DEBUG - STREAM b'IHDR' 16 13
PIL.PngImagePlugin - DEBUG - STREAM b'sRGB' 41 1
PIL.PngImagePlugin - DEBUG - STREAM b'gAMA' 54 4
PIL.PngImagePlugin - DEBUG - STREAM b'pHYs' 70 9
PIL.PngImagePlugin - DEBUG - STREAM b'IDAT' 91 172
PIL.PngImagePlugin - DEBUG - STREAM b'IHDR' 16 13
PIL.PngImagePlugin - DEBUG - STREAM b'sRGB' 41 1
PIL.PngImagePlugin - DEBUG - STREAM b'gAMA' 54 4
PIL.PngImagePlugin - DEBUG - STREAM b'pHYs' 70 9
PIL.PngImagePlugin - DEBUG - STREAM b'IDAT' 91 172
PIL.PngImagePlugin - DEBUG - STREAM b'IHDR' 16 13
PIL.PngImagePlugin - DEBUG - STREAM b'sRGB' 41 1
PIL.PngImagePlugin - DEBUG - STREAM b'gAMA' 54 4
PIL.PngImagePlugin - DEBUG - STREAM b'pHYs' 70 9
PIL.PngImagePlugin - DEBUG - STREAM b'IDAT' 91 172
PIL.PngImagePlugin - DEBUG - STREAM b'IHDR' 16 13
PIL.PngImagePlugin - DEBUG - STREAM b'sRGB' 41 1
PIL.PngImagePlugin - DEBUG - STREAM b'gAMA' 54 4
PIL.PngImagePlugin - DEBUG - STREAM b'pHYs' 70 9
PIL.PngImagePlugin - DEBUG - STREAM b'IDAT' 91 1882
PIL.PngImagePlugin - DEBUG - STREAM b'IHDR' 16 13
PIL.PngImagePlugin - DEBUG - STREAM b'sRGB' 41 1
PIL.PngImagePlugin - DEBUG - STREAM b'gAMA' 54 4
PIL.PngImagePlugin - DEBUG - STREAM b'pHYs' 70 9
PIL.PngImagePlugin - DEBUG - STREAM b'IDAT' 91 779
PIL.PngImagePlugin - DEBUG - STREAM b'IHDR' 16 13
PIL.PngImagePlugin - DEBUG - STREAM b'sRGB' 41 1
PIL.PngImagePlugin - DEBUG - STREAM b'gAMA' 54 4
PIL.PngImagePlugin - DEBUG - STREAM b'pHYs' 70 9
PIL.PngImagePlugin - DEBUG - STREAM b'IDAT' 91 181
PIL.PngImagePlugin - DEBUG - STREAM b'IHDR' 16 13
PIL.PngImagePlugin - DEBUG - STREAM b'sRGB' 41 1
PIL.PngImagePlugin - DEBUG - STREAM b'gAMA' 54 4
PIL.PngImagePlugin - DEBUG - STREAM b'pHYs' 70 9
PIL.PngImagePlugin - DEBUG - STREAM b'IDAT' 91 40312
PIL.PngImagePlugin - DEBUG - STREAM b'IHDR' 16 13
PIL.PngImagePlugin - DEBUG - STREAM b'sRGB' 41 1
PIL.PngImagePlugin - DEBUG - STREAM b'gAMA' 54 4
PIL.PngImagePlugin - DEBUG - STREAM b'pHYs' 70 9
PIL.PngImagePlugin - DEBUG - STREAM b'IDAT' 91 40312
PIL.PngImagePlugin - DEBUG - STREAM b'IHDR' 16 13
PIL.PngImagePlugin - DEBUG - STREAM b'sRGB' 41 1
PIL.PngImagePlugin - DEBUG - STREAM b'gAMA' 54 4
PIL.PngImagePlugin - DEBUG - STREAM b'pHYs' 70 9
PIL.PngImagePlugin - DEBUG - STREAM b'IDAT' 91 40312
PIL.PngImagePlugin - DEBUG - STREAM b'IHDR' 16 13
PIL.PngImagePlugin - DEBUG - STREAM b'sRGB' 41 1
PIL.PngImagePlugin - DEBUG - STREAM b'gAMA' 54 4
PIL.PngImagePlugin - DEBUG - STREAM b'pHYs' 70 9
PIL.PngImagePlugin - DEBUG - STREAM b'IDAT' 91 61
PIL.PngImagePlugin - DEBUG - STREAM b'IHDR' 16 13
PIL.PngImagePlugin - DEBUG - STREAM b'sRGB' 41 1
PIL.PngImagePlugin - DEBUG - STREAM b'gAMA' 54 4
PIL.PngImagePlugin - DEBUG - STREAM b'pHYs' 70 9
PIL.PngImagePlugin - DEBUG - STREAM b'IDAT' 91 187
PIL.PngImagePlugin - DEBUG - STREAM b'IHDR' 16 13
PIL.PngImagePlugin - DEBUG - STREAM b'sRGB' 41 1
PIL.PngImagePlugin - DEBUG - STREAM b'gAMA' 54 4
PIL.PngImagePlugin - DEBUG - STREAM b'pHYs' 70 9
PIL.PngImagePlugin - DEBUG - STREAM b'IDAT' 91 187
urllib3.connectionpool - DEBUG - Starting new HTTPS connection (1): api.steampowered.com:443
urllib3.connectionpool - DEBUG - https://api.steampowered.com:443 "POST /ITwoFactorService/QueryTime/v1/ HTTP/1.1" 200 265
PIL.PngImagePlugin - DEBUG - STREAM b'IHDR' 16 13
PIL.PngImagePlugin - DEBUG - STREAM b'sRGB' 41 1
PIL.PngImagePlugin - DEBUG - STREAM b'gAMA' 54 4
PIL.PngImagePlugin - DEBUG - STREAM b'pHYs' 70 9
PIL.PngImagePlugin - DEBUG - STREAM b'IDAT' 91 5132
PIL.PngImagePlugin - DEBUG - STREAM b'IHDR' 16 13
PIL.PngImagePlugin - DEBUG - STREAM b'sRGB' 41 1
PIL.PngImagePlugin - DEBUG - STREAM b'gAMA' 54 4
PIL.PngImagePlugin - DEBUG - STREAM b'pHYs' 70 9
PIL.PngImagePlugin - DEBUG - STREAM b'IDAT' 91 5132
PIL.PngImagePlugin - DEBUG - STREAM b'IHDR' 16 13
PIL.PngImagePlugin - DEBUG - STREAM b'sRGB' 41 1
PIL.PngImagePlugin - DEBUG - STREAM b'gAMA' 54 4
PIL.PngImagePlugin - DEBUG - STREAM b'pHYs' 70 9
PIL.PngImagePlugin - DEBUG - STREAM b'IDAT' 91 5132
PIL.PngImagePlugin - DEBUG - STREAM b'IHDR' 16 13
PIL.PngImagePlugin - DEBUG - STREAM b'sRGB' 41 1
PIL.PngImagePlugin - DEBUG - STREAM b'gAMA' 54 4
PIL.PngImagePlugin - DEBUG - STREAM b'pHYs' 70 9
PIL.PngImagePlugin - DEBUG - STREAM b'IDAT' 91 5132
PIL.PngImagePlugin - DEBUG - STREAM b'IHDR' 16 13
PIL.PngImagePlugin - DEBUG - STREAM b'sRGB' 41 1
PIL.PngImagePlugin - DEBUG - STREAM b'gAMA' 54 4
PIL.PngImagePlugin - DEBUG - STREAM b'pHYs' 70 9
PIL.PngImagePlugin - DEBUG - STREAM b'IDAT' 91 5132
PIL.PngImagePlugin - DEBUG - STREAM b'IHDR' 16 13
PIL.PngImagePlugin - DEBUG - STREAM b'sRGB' 41 1
PIL.PngImagePlugin - DEBUG - STREAM b'gAMA' 54 4
PIL.PngImagePlugin - DEBUG - STREAM b'pHYs' 70 9
PIL.PngImagePlugin - DEBUG - STREAM b'IDAT' 91 5132
PIL.PngImagePlugin - DEBUG - STREAM b'IHDR' 16 13
PIL.PngImagePlugin - DEBUG - STREAM b'sRGB' 41 1
PIL.PngImagePlugin - DEBUG - STREAM b'gAMA' 54 4
PIL.PngImagePlugin - DEBUG - STREAM b'pHYs' 70 9
PIL.PngImagePlugin - DEBUG - STREAM b'IDAT' 91 5132
PIL.PngImagePlugin - DEBUG - STREAM b'IHDR' 16 13
PIL.PngImagePlugin - DEBUG - STREAM b'sRGB' 41 1
PIL.PngImagePlugin - DEBUG - STREAM b'gAMA' 54 4
PIL.PngImagePlugin - DEBUG - STREAM b'pHYs' 70 9
PIL.PngImagePlugin - DEBUG - STREAM b'IDAT' 91 5132
PIL.PngImagePlugin - DEBUG - STREAM b'IHDR' 16 13
PIL.PngImagePlugin - DEBUG - STREAM b'sRGB' 41 1
PIL.PngImagePlugin - DEBUG - STREAM b'gAMA' 54 4
PIL.PngImagePlugin - DEBUG - STREAM b'pHYs' 70 9
PIL.PngImagePlugin - DEBUG - STREAM b'IDAT' 91 5132
PIL.PngImagePlugin - DEBUG - STREAM b'IHDR' 16 13
PIL.PngImagePlugin - DEBUG - STREAM b'sRGB' 41 1
PIL.PngImagePlugin - DEBUG - STREAM b'gAMA' 54 4
PIL.PngImagePlugin - DEBUG - STREAM b'pHYs' 70 9
PIL.PngImagePlugin - DEBUG - STREAM b'IDAT' 91 5132
PIL.PngImagePlugin - DEBUG - STREAM b'IHDR' 16 13
PIL.PngImagePlugin - DEBUG - STREAM b'sRGB' 41 1
PIL.PngImagePlugin - DEBUG - STREAM b'gAMA' 54 4
PIL.PngImagePlugin - DEBUG - STREAM b'pHYs' 70 9
PIL.PngImagePlugin - DEBUG - STREAM b'IDAT' 91 5132
PIL.PngImagePlugin - DEBUG - STREAM b'IHDR' 16 13
PIL.PngImagePlugin - DEBUG - STREAM b'sRGB' 41 1
PIL.PngImagePlugin - DEBUG - STREAM b'gAMA' 54 4
PIL.PngImagePlugin - DEBUG - STREAM b'pHYs' 70 9
PIL.PngImagePlugin - DEBUG - STREAM b'IDAT' 91 5132
PIL.PngImagePlugin - DEBUG - STREAM b'IHDR' 16 13
PIL.PngImagePlugin - DEBUG - STREAM b'sRGB' 41 1
PIL.PngImagePlugin - DEBUG - STREAM b'gAMA' 54 4
PIL.PngImagePlugin - DEBUG - STREAM b'pHYs' 70 9
PIL.PngImagePlugin - DEBUG - STREAM b'IDAT' 91 5132
PIL.PngImagePlugin - DEBUG - STREAM b'IHDR' 16 13
PIL.PngImagePlugin - DEBUG - STREAM b'sRGB' 41 1
PIL.PngImagePlugin - DEBUG - STREAM b'gAMA' 54 4
PIL.PngImagePlugin - DEBUG - STREAM b'pHYs' 70 9
PIL.PngImagePlugin - DEBUG - STREAM b'IDAT' 91 5132
PIL.PngImagePlugin - DEBUG - STREAM b'IHDR' 16 13
PIL.PngImagePlugin - DEBUG - STREAM b'sRGB' 41 1
PIL.PngImagePlugin - DEBUG - STREAM b'gAMA' 54 4
PIL.PngImagePlugin - DEBUG - STREAM b'pHYs' 70 9
PIL.PngImagePlugin - DEBUG - STREAM b'IDAT' 91 5132
PIL.PngImagePlugin - DEBUG - STREAM b'IHDR' 16 13
PIL.PngImagePlugin - DEBUG - STREAM b'sRGB' 41 1
PIL.PngImagePlugin - DEBUG - STREAM b'gAMA' 54 4
PIL.PngImagePlugin - DEBUG - STREAM b'pHYs' 70 9
PIL.PngImagePlugin - DEBUG - STREAM b'IDAT' 91 5132
PIL.PngImagePlugin - DEBUG - STREAM b'IHDR' 16 13
PIL.PngImagePlugin - DEBUG - STREAM b'sRGB' 41 1
PIL.PngImagePlugin - DEBUG - STREAM b'gAMA' 54 4
PIL.PngImagePlugin - DEBUG - STREAM b'pHYs' 70 9
PIL.PngImagePlugin - DEBUG - STREAM b'IDAT' 91 5132
PIL.PngImagePlugin - DEBUG - STREAM b'IHDR' 16 13
PIL.PngImagePlugin - DEBUG - STREAM b'sRGB' 41 1
PIL.PngImagePlugin - DEBUG - STREAM b'gAMA' 54 4
PIL.PngImagePlugin - DEBUG - STREAM b'pHYs' 70 9
PIL.PngImagePlugin - DEBUG - STREAM b'IDAT' 91 5132
PIL.PngImagePlugin - DEBUG - STREAM b'IHDR' 16 13
PIL.PngImagePlugin - DEBUG - STREAM b'sRGB' 41 1
PIL.PngImagePlugin - DEBUG - STREAM b'gAMA' 54 4
PIL.PngImagePlugin - DEBUG - STREAM b'pHYs' 70 9
PIL.PngImagePlugin - DEBUG - STREAM b'IDAT' 91 5132
PIL.PngImagePlugin - DEBUG - STREAM b'IHDR' 16 13
PIL.PngImagePlugin - DEBUG - STREAM b'sRGB' 41 1
PIL.PngImagePlugin - DEBUG - STREAM b'gAMA' 54 4
PIL.PngImagePlugin - DEBUG - STREAM b'pHYs' 70 9
PIL.PngImagePlugin - DEBUG - STREAM b'IDAT' 91 5132
PIL.PngImagePlugin - DEBUG - STREAM b'IHDR' 16 13
PIL.PngImagePlugin - DEBUG - STREAM b'sRGB' 41 1
PIL.PngImagePlugin - DEBUG - STREAM b'gAMA' 54 4
PIL.PngImagePlugin - DEBUG - STREAM b'pHYs' 70 9
PIL.PngImagePlugin - DEBUG - STREAM b'IDAT' 91 5132
PIL.PngImagePlugin - DEBUG - STREAM b'IHDR' 16 13
PIL.PngImagePlugin - DEBUG - STREAM b'sRGB' 41 1
PIL.PngImagePlugin - DEBUG - STREAM b'gAMA' 54 4
PIL.PngImagePlugin - DEBUG - STREAM b'pHYs' 70 9
PIL.PngImagePlugin - DEBUG - STREAM b'IDAT' 91 5132
PIL.PngImagePlugin - DEBUG - STREAM b'IHDR' 16 13
PIL.PngImagePlugin - DEBUG - STREAM b'sRGB' 41 1
PIL.PngImagePlugin - DEBUG - STREAM b'gAMA' 54 4
PIL.PngImagePlugin - DEBUG - STREAM b'pHYs' 70 9
PIL.PngImagePlugin - DEBUG - STREAM b'IDAT' 91 5132
PIL.PngImagePlugin - DEBUG - STREAM b'IHDR' 16 13
PIL.PngImagePlugin - DEBUG - STREAM b'sRGB' 41 1
PIL.PngImagePlugin - DEBUG - STREAM b'gAMA' 54 4
PIL.PngImagePlugin - DEBUG - STREAM b'pHYs' 70 9
PIL.PngImagePlugin - DEBUG - STREAM b'IDAT' 91 5132
PIL.PngImagePlugin - DEBUG - STREAM b'IHDR' 16 13
PIL.PngImagePlugin - DEBUG - STREAM b'sRGB' 41 1
PIL.PngImagePlugin - DEBUG - STREAM b'gAMA' 54 4
PIL.PngImagePlugin - DEBUG - STREAM b'pHYs' 70 9
PIL.PngImagePlugin - DEBUG - STREAM b'IDAT' 91 5132
PIL.PngImagePlugin - DEBUG - STREAM b'IHDR' 16 13
PIL.PngImagePlugin - DEBUG - STREAM b'sRGB' 41 1
PIL.PngImagePlugin - DEBUG - STREAM b'gAMA' 54 4
PIL.PngImagePlugin - DEBUG - STREAM b'pHYs' 70 9
PIL.PngImagePlugin - DEBUG - STREAM b'IDAT' 91 5132
PIL.PngImagePlugin - DEBUG - STREAM b'IHDR' 16 13
PIL.PngImagePlugin - DEBUG - STREAM b'sRGB' 41 1
PIL.PngImagePlugin - DEBUG - STREAM b'gAMA' 54 4
PIL.PngImagePlugin - DEBUG - STREAM b'pHYs' 70 9
PIL.PngImagePlugin - DEBUG - STREAM b'IDAT' 91 480
PIL.PngImagePlugin - DEBUG - STREAM b'IHDR' 16 13
PIL.PngImagePlugin - DEBUG - STREAM b'sRGB' 41 1
PIL.PngImagePlugin - DEBUG - STREAM b'gAMA' 54 4
PIL.PngImagePlugin - DEBUG - STREAM b'pHYs' 70 9
PIL.PngImagePlugin - DEBUG - STREAM b'IDAT' 91 480
PIL.PngImagePlugin - DEBUG - STREAM b'IHDR' 16 13
PIL.PngImagePlugin - DEBUG - STREAM b'sRGB' 41 1
PIL.PngImagePlugin - DEBUG - STREAM b'gAMA' 54 4
PIL.PngImagePlugin - DEBUG - STREAM b'pHYs' 70 9
PIL.PngImagePlugin - DEBUG - STREAM b'IDAT' 91 480
PIL.PngImagePlugin - DEBUG - STREAM b'IHDR' 16 13
PIL.PngImagePlugin - DEBUG - STREAM b'sRGB' 41 1
PIL.PngImagePlugin - DEBUG - STREAM b'gAMA' 54 4
PIL.PngImagePlugin - DEBUG - STREAM b'pHYs' 70 9
PIL.PngImagePlugin - DEBUG - STREAM b'IDAT' 91 172
PIL.PngImagePlugin - DEBUG - STREAM b'IHDR' 16 13
PIL.PngImagePlugin - DEBUG - STREAM b'sRGB' 41 1
PIL.PngImagePlugin - DEBUG - STREAM b'gAMA' 54 4
PIL.PngImagePlugin - DEBUG - STREAM b'pHYs' 70 9
PIL.PngImagePlugin - DEBUG - STREAM b'IDAT' 91 172
PIL.PngImagePlugin - DEBUG - STREAM b'IHDR' 16 13
PIL.PngImagePlugin - DEBUG - STREAM b'sRGB' 41 1
PIL.PngImagePlugin - DEBUG - STREAM b'gAMA' 54 4
PIL.PngImagePlugin - DEBUG - STREAM b'pHYs' 70 9
PIL.PngImagePlugin - DEBUG - STREAM b'IDAT' 91 172
